<?xml version="1.0" encoding="UTF-8"?>
<!-- Generated by org.testng.reporters.JUnitXMLReporter -->
<testsuite ignored="1" hostname="DESKTOP-60NORSP" failures="0" tests="1" name="Default test" time="5.719" errors="0" timestamp="2025-08-21T11:12:00 IST">
  <testcase classname="api.test.UserTestsFromProperties" name="testGetUSer" time="5.161"/>
  <testcase classname="api.test.UserTestsFromProperties" name="testPostUSer" time="0.0">
    <ignored/>
  </testcase> <!-- testPostUSer -->
</testsuite> <!-- Default test -->
