<?xml version="1.0" encoding="UTF-8"?>
<testng-results ignored="1" total="2" passed="1" failed="0" skipped="0">
  <reporter-output>
  </reporter-output>
  <suite started-at="2025-08-16T16:26:16 IST" name="Default suite" finished-at="2025-08-16T16:26:22 IST" duration-ms="6232">
    <groups>
    </groups>
    <test started-at="2025-08-16T16:26:16 IST" name="Default test" finished-at="2025-08-16T16:26:22 IST" duration-ms="6232">
      <class name="api.test.UserTests">
        <test-method is-config="true" signature="SetupData()[pri:0, instance:api.test.UserTests@55cb6996]" started-at="2025-08-16T16:26:16 IST" name="SetupData" finished-at="2025-08-16T16:26:17 IST" duration-ms="429" status="PASS">
          <reporter-output>
          </reporter-output>
        </test-method> <!-- SetupData -->
        <test-method signature="testGetUSer()[pri:0, instance:api.test.UserTests@55cb6996]" started-at="2025-08-16T16:26:17 IST" name="testGetUSer" finished-at="2025-08-16T16:26:22 IST" duration-ms="5725" status="PASS">
          <reporter-output>
          </reporter-output>
        </test-method> <!-- testGetUSer -->
      </class> <!-- api.test.UserTests -->
    </test> <!-- Default test -->
  </suite> <!-- Default suite -->
</testng-results>
