<?xml version="1.0" encoding="UTF-8"?>
<testng-results ignored="1" total="2" passed="1" failed="0" skipped="0">
  <reporter-output>
  </reporter-output>
  <suite started-at="2025-08-21T11:11:54 IST" name="Default suite" finished-at="2025-08-21T11:12:00 IST" duration-ms="5719">
    <groups>
    </groups>
    <test started-at="2025-08-21T11:11:54 IST" name="Default test" finished-at="2025-08-21T11:12:00 IST" duration-ms="5719">
      <class name="api.test.UserTestsFromProperties">
        <test-method is-config="true" signature="SetupData()[pri:0, instance:api.test.UserTestsFromProperties@55cb6996]" started-at="2025-08-21T11:11:54 IST" name="SetupData" finished-at="2025-08-21T11:11:55 IST" duration-ms="470" status="PASS">
          <reporter-output>
          </reporter-output>
        </test-method> <!-- SetupData -->
        <test-method signature="testGetUSer()[pri:0, instance:api.test.UserTestsFromProperties@55cb6996]" started-at="2025-08-21T11:11:55 IST" name="testGetUSer" finished-at="2025-08-21T11:12:00 IST" duration-ms="5161" status="PASS">
          <reporter-output>
          </reporter-output>
        </test-method> <!-- testGetUSer -->
      </class> <!-- api.test.UserTestsFromProperties -->
    </test> <!-- Default test -->
  </suite> <!-- Default suite -->
</testng-results>
